<?xml version="1.0" encoding="UTF-8" standalone="no"?><testsuite errors="0" failures="0" name="iniciar sesion en la aplicacion de saucedemo" skipped="0" tests="5" time="53.13" timestamp="2022-12-18 08:12:10"><testcase name="ingresar a la aplicacion con credenciales"/><testcase name="Filtrar los productos de precio menor a mayor"/><testcase name="Agregar un producto al carrito"/><testcase name="Realizar la compra del item cargado al carrito de compras"/><testcase name="Regresar a la pagina de login"/></testsuite>