<?xml version="1.0" encoding="UTF-8" standalone="no"?><testsuite errors="1" failures="0" name="iniciar sesion en la aplicacion de saucedemo" skipped="0" tests="4" time="11.67" timestamp="2022-12-11 01:58:41"><testcase name="ingresar a la aplicacion con credenciales"/><testcase name="Filtrar los productos de precio menor a mayor"/><testcase name="Agregar un producto al carrito"/><testcase name="Regresar a la pagina de login"><error type="java.lang.NullPointerException"/><system-err>null&#13;
com.saucedemo.main.definitions.TestReturnLoginDefinitions.darClickEnElBotonDeMenu(TestReturnLoginDefinitions.java:13)&#13;
✽.dar click en el boton de menu(file:///D:/ProjectBDG/trainingAutomationPOM/src/test/resources/features/test_login.feature:31)&#13;
</system-err></testcase></testsuite>