<?xml version="1.0" encoding="UTF-8" standalone="no"?><testsuite errors="0" failures="0" name="Automatizacion de la pagina de saucedemo." skipped="0" tests="5" time="79.81" timestamp="2022-12-18 08:38:16"><testcase name="ingresar a la aplicacion con credenciales"/><testcase name="Filtrar los productos de precio menor a mayor"/><testcase name="Agregar un producto al carrito"/><testcase name="Realizar la compra del item cargado al carrito de compras"/><testcase name="Regresar a la pagina de login"/></testsuite>